TN:
SF:src/entities/board/coordinates.ts
FN:67,parseCubeKey
FN:73,cubeToKey
FN:78,edgeKey
FN:83,areNodesAdjacent
FN:95,buildAdjacencyMap
FN:112,getAllEdges
FN:128,getNodesAdjacentToTile
FN:158,buildTileNodeMap
FN:181,tileToWorld3D
FN:187,nodeToWorld3D
FNF:10
FNH:10
FNDA:42,parseCubeKey
FNDA:22,cubeToKey
FNDA:655,edgeKey
FNDA:3743,areNodesAdjacent
FNDA:1,buildAdjacencyMap
FNDA:4,getAllEdges
FNDA:36,getNodesAdjacentToTile
FNDA:1,buildTileNodeMap
FNDA:7,tileToWorld3D
FNDA:59,nodeToWorld3D
DA:4,1
DA:7,1
DA:64,1
DA:68,42
DA:69,42
DA:74,22
DA:79,655
DA:84,3743
DA:85,3740
DA:86,3740
DA:88,3740
DA:89,3740
DA:90,3740
DA:91,3740
DA:92,3740
DA:96,1
DA:97,1
DA:98,54
DA:99,54
DA:100,2916
DA:101,144
DA:104,54
DA:106,1
DA:109,1
DA:113,4
DA:114,4
DA:115,4
DA:116,216
DA:117,576
DA:118,576
DA:119,288
DA:120,288
DA:124,4
DA:129,36
DA:130,36
DA:132,36
DA:141,36
DA:142,216
DA:143,216
DA:145,216
DA:146,4079
DA:147,4079
DA:148,216
DA:149,216
DA:154,36
DA:159,1
DA:165,1
DA:166,1
DA:167,19
DA:168,19
DA:170,1
DA:173,1
DA:175,1
DA:179,1
DA:182,7
DA:183,7
DA:184,7
DA:188,59
DA:189,59
DA:190,59
DA:191,59
LF:61
LH:61
BRDA:84,0,0,3
BRDA:84,0,1,3740
BRDA:84,1,0,3743
BRDA:84,1,1,3742
BRDA:84,1,2,3741
BRDA:84,1,3,3741
BRDA:100,2,0,144
BRDA:100,2,1,2772
BRDA:100,3,0,2916
BRDA:100,3,1,2862
BRDA:118,4,0,288
BRDA:118,4,1,288
BRDA:147,5,0,216
BRDA:147,5,1,3863
BRDA:147,6,0,4079
BRDA:147,6,1,510
BRF:16
BRH:16
end_of_record
TN:
SF:src/shared/utils/actionLog.ts
FN:7,escHtml
FN:15,playerLabel
FN:16,(anonymous_2)
FN:22,resEmoji
FN:26,resStr
FN:31,formatRollPayout
FN:37,(anonymous_6)
FN:46,formatActionLogEvent
FN:92,(anonymous_8)
FN:100,(anonymous_9)
FN:107,(anonymous_10)
FN:122,(anonymous_11)
FN:123,(anonymous_12)
FN:144,extractRollDice
FN:157,extractRollGains
FN:165,(anonymous_15)
FNF:16
FNH:15
FNDA:27,escHtml
FNDA:26,playerLabel
FNDA:28,(anonymous_2)
FNDA:2,resEmoji
FNDA:2,resStr
FNDA:6,formatRollPayout
FNDA:0,(anonymous_6)
FNDA:25,formatActionLogEvent
FNDA:4,(anonymous_8)
FNDA:2,(anonymous_9)
FNDA:2,(anonymous_10)
FNDA:5,(anonymous_11)
FNDA:5,(anonymous_12)
FNDA:8,extractRollDice
FNDA:8,extractRollGains
FNDA:30,(anonymous_15)
DA:4,1
DA:5,1
DA:8,27
DA:16,28
DA:17,26
DA:18,26
DA:19,26
DA:23,2
DA:27,2
DA:28,2
DA:32,6
DA:33,0
DA:34,0
DA:35,0
DA:36,0
DA:37,0
DA:39,0
DA:40,0
DA:42,0
DA:47,25
DA:48,25
DA:50,25
DA:52,6
DA:57,6
DA:58,6
DA:59,6
DA:60,6
DA:63,1
DA:65,1
DA:67,1
DA:69,0
DA:70,0
DA:71,0
DA:73,0
DA:76,1
DA:78,2
DA:79,2
DA:80,1
DA:82,2
DA:83,1
DA:87,2
DA:90,2
DA:91,1
DA:92,4
DA:93,1
DA:94,1
DA:96,1
DA:99,1
DA:100,2
DA:101,1
DA:103,0
DA:106,1
DA:107,2
DA:108,1
DA:110,0
DA:113,1
DA:114,1
DA:117,0
DA:119,2
DA:120,1
DA:121,1
DA:122,5
DA:123,5
DA:124,1
DA:126,1
DA:129,1
DA:131,1
DA:133,1
DA:135,1
DA:137,1
DA:139,1
DA:145,8
DA:146,8
DA:148,2
DA:150,6
DA:158,8
DA:159,8
DA:161,5
DA:162,5
DA:163,7
DA:164,6
DA:165,6
DA:166,30
DA:167,30
DA:169,6
DA:171,5
LF:86
LH:71
BRDA:17,0,0,26
BRDA:17,0,1,1
BRDA:18,1,0,26
BRDA:18,1,1,0
BRDA:23,2,0,2
BRDA:23,2,1,0
BRDA:28,3,0,1
BRDA:28,3,1,1
BRDA:32,4,0,6
BRDA:32,4,1,0
BRDA:32,5,0,6
BRDA:32,5,1,1
BRDA:32,5,2,1
BRDA:35,6,0,0
BRDA:35,6,1,0
BRDA:37,7,0,0
BRDA:37,7,1,0
BRDA:39,8,0,0
BRDA:39,8,1,0
BRDA:42,9,0,0
BRDA:42,9,1,0
BRDA:50,10,0,6
BRDA:50,10,1,1
BRDA:50,10,2,1
BRDA:50,10,3,1
BRDA:50,10,4,0
BRDA:50,10,5,1
BRDA:50,10,6,2
BRDA:50,10,7,2
BRDA:50,10,8,1
BRDA:50,10,9,1
BRDA:50,10,10,1
BRDA:50,10,11,0
BRDA:50,10,12,2
BRDA:50,10,13,1
BRDA:50,10,14,1
BRDA:50,10,15,1
BRDA:50,10,16,1
BRDA:50,10,17,1
BRDA:50,10,18,1
BRDA:52,11,0,1
BRDA:52,11,1,5
BRDA:52,12,0,6
BRDA:52,12,1,1
BRDA:54,13,0,1
BRDA:54,13,1,4
BRDA:54,14,0,5
BRDA:54,14,1,1
BRDA:57,15,0,2
BRDA:57,15,1,4
BRDA:58,16,0,2
BRDA:58,16,1,4
BRDA:59,17,0,2
BRDA:59,17,1,4
BRDA:69,18,0,0
BRDA:69,18,1,0
BRDA:69,19,0,0
BRDA:69,19,1,0
BRDA:70,20,0,0
BRDA:70,20,1,0
BRDA:79,21,0,1
BRDA:79,21,1,1
BRDA:79,22,0,2
BRDA:79,22,1,2
BRDA:79,22,2,2
BRDA:82,23,0,1
BRDA:82,23,1,1
BRDA:83,24,0,1
BRDA:83,24,1,0
BRDA:83,25,0,1
BRDA:83,25,1,1
BRDA:84,26,0,1
BRDA:84,26,1,0
BRDA:90,27,0,1
BRDA:90,27,1,1
BRDA:94,28,0,1
BRDA:94,28,1,0
BRDA:94,29,0,1
BRDA:94,29,1,0
BRDA:99,30,0,1
BRDA:99,30,1,0
BRDA:100,31,0,2
BRDA:100,31,1,0
BRDA:106,32,0,1
BRDA:106,32,1,0
BRDA:107,33,0,2
BRDA:107,33,1,0
BRDA:113,34,0,1
BRDA:113,34,1,0
BRDA:114,35,0,1
BRDA:114,35,1,0
BRDA:119,36,0,1
BRDA:119,36,1,1
BRDA:119,37,0,2
BRDA:119,37,1,2
BRDA:122,38,0,1
BRDA:122,38,1,4
BRDA:123,39,0,1
BRDA:123,39,1,4
BRDA:146,40,0,2
BRDA:146,40,1,6
BRDA:146,41,0,8
BRDA:146,41,1,6
BRDA:146,41,2,3
BRDA:146,41,3,2
BRDA:159,42,0,3
BRDA:159,42,1,5
BRDA:159,43,0,8
BRDA:159,43,1,7
BRDA:159,43,2,6
BRDA:163,44,0,1
BRDA:163,44,1,6
BRDA:167,45,0,6
BRDA:167,45,1,24
BRDA:169,46,0,5
BRDA:169,46,1,1
BRDA:171,47,0,4
BRDA:171,47,1,1
BRF:118
BRH:89
end_of_record
TN:
SF:src/shared/utils/computeGameStats.ts
FN:31,computePlayerStats
FN:32,(anonymous_1)
FN:34,(anonymous_2)
FN:59,enrichWithActionLog
FN:63,(anonymous_4)
FN:76,(anonymous_5)
FNF:6
FNH:6
FNDA:16,computePlayerStats
FNDA:19,(anonymous_1)
FNDA:95,(anonymous_2)
FNDA:8,enrichWithActionLog
FNDA:10,(anonymous_4)
FNDA:25,(anonymous_5)
DA:32,16
DA:33,19
DA:34,95
DA:36,19
DA:63,10
DA:65,8
DA:66,10
DA:67,10
DA:69,9
DA:71,4
DA:72,4
DA:73,4
DA:74,5
DA:75,5
DA:76,25
DA:80,4
DA:83,3
DA:84,3
DA:86,2
DA:87,1
DA:88,1
DA:89,1
DA:90,1
DA:91,1
DA:94,2
DA:99,8
LF:26
LH:26
BRDA:33,0,0,19
BRDA:33,0,1,1
BRDA:34,1,0,95
BRDA:34,1,1,0
BRDA:43,2,0,19
BRDA:43,2,1,0
BRDA:67,3,0,1
BRDA:67,3,1,9
BRDA:69,4,0,9
BRDA:69,4,1,3
BRDA:69,4,2,2
BRDA:72,5,0,4
BRDA:72,5,1,0
BRDA:72,6,0,4
BRDA:72,6,1,4
BRDA:72,6,2,4
BRDA:75,7,0,5
BRDA:75,7,1,0
BRDA:75,8,0,5
BRDA:75,8,1,5
BRDA:86,9,0,1
BRDA:86,9,1,1
BRDA:89,10,0,1
BRDA:89,10,1,0
BRDA:89,11,0,1
BRDA:89,11,1,1
BRDA:91,12,0,1
BRDA:91,12,1,0
BRF:28
BRH:22
end_of_record
TN:
SF:src/shared/utils/formatSuggestionLabel.ts
FN:6,parseIntArray
FN:10,formatFreqdeck
FN:12,(anonymous_2)
FN:17,formatOfferTrade
FN:47,formatMaritime
FN:86,formatSuggestionLabel
FN:103,(anonymous_6)
FN:116,(anonymous_7)
FNF:8
FNH:0
FNDA:0,parseIntArray
FNDA:0,formatFreqdeck
FNDA:0,(anonymous_2)
FNDA:0,formatOfferTrade
FNDA:0,formatMaritime
FNDA:0,formatSuggestionLabel
FNDA:0,(anonymous_6)
FNDA:0,(anonymous_7)
DA:3,0
DA:4,0
DA:7,0
DA:11,0
DA:12,0
DA:18,0
DA:19,0
DA:22,0
DA:23,0
DA:24,0
DA:25,0
DA:26,0
DA:31,0
DA:32,0
DA:33,0
DA:34,0
DA:35,0
DA:39,0
DA:41,0
DA:42,0
DA:43,0
DA:44,0
DA:48,0
DA:49,0
DA:50,0
DA:51,0
DA:53,0
DA:54,0
DA:55,0
DA:56,0
DA:57,0
DA:58,0
DA:60,0
DA:63,0
DA:87,0
DA:90,0
DA:93,0
DA:94,0
DA:95,0
DA:98,0
DA:101,0
DA:103,0
DA:104,0
DA:106,0
DA:110,0
DA:111,0
DA:114,0
DA:116,0
LF:48
LH:0
BRDA:7,0,0,0
BRDA:7,0,1,0
BRDA:12,1,0,0
BRDA:12,1,1,0
BRDA:12,2,0,0
BRDA:12,2,1,0
BRDA:22,3,0,0
BRDA:22,3,1,0
BRDA:22,4,0,0
BRDA:22,4,1,0
BRDA:24,5,0,0
BRDA:24,5,1,0
BRDA:24,6,0,0
BRDA:24,6,1,0
BRDA:24,6,2,0
BRDA:24,6,3,0
BRDA:31,7,0,0
BRDA:31,7,1,0
BRDA:31,8,0,0
BRDA:31,8,1,0
BRDA:33,9,0,0
BRDA:33,9,1,0
BRDA:39,10,0,0
BRDA:39,10,1,0
BRDA:39,11,0,0
BRDA:39,11,1,0
BRDA:43,12,0,0
BRDA:43,12,1,0
BRDA:43,13,0,0
BRDA:43,13,1,0
BRDA:44,14,0,0
BRDA:44,14,1,0
BRDA:44,15,0,0
BRDA:44,15,1,0
BRDA:48,16,0,0
BRDA:48,16,1,0
BRDA:51,17,0,0
BRDA:51,17,1,0
BRDA:55,18,0,0
BRDA:55,18,1,0
BRDA:56,19,0,0
BRDA:56,19,1,0
BRDA:57,20,0,0
BRDA:57,20,1,0
BRDA:58,21,0,0
BRDA:58,21,1,0
BRDA:90,22,0,0
BRDA:90,22,1,0
BRDA:90,23,0,0
BRDA:90,23,1,0
BRDA:94,24,0,0
BRDA:94,24,1,0
BRDA:95,25,0,0
BRDA:95,25,1,0
BRDA:98,26,0,0
BRDA:98,26,1,0
BRDA:101,27,0,0
BRDA:101,27,1,0
BRDA:103,28,0,0
BRDA:103,28,1,0
BRDA:103,29,0,0
BRDA:103,29,1,0
BRDA:111,30,0,0
BRDA:111,30,1,0
BRF:64
BRH:0
end_of_record
TN:
SF:src/shared/utils/parseSuggestionHighlight.ts
FN:19,parseSuggestionHighlight
FN:42,(anonymous_1)
FN:46,(anonymous_2)
FNF:3
FNH:0
FNDA:0,parseSuggestionHighlight
FNDA:0,(anonymous_1)
FNDA:0,(anonymous_2)
DA:20,0
DA:21,0
DA:24,0
DA:25,0
DA:26,0
DA:27,0
DA:29,0
DA:36,0
DA:39,0
DA:40,0
DA:41,0
DA:42,0
DA:43,0
DA:46,0
DA:47,0
DA:48,0
DA:55,0
DA:56,0
DA:58,0
DA:59,0
DA:61,0
DA:62,0
DA:67,0
DA:68,0
DA:71,0
LF:25
LH:0
BRDA:24,0,0,0
BRDA:24,0,1,0
BRDA:24,1,0,0
BRDA:24,1,1,0
BRDA:25,2,0,0
BRDA:25,2,1,0
BRDA:26,3,0,0
BRDA:26,3,1,0
BRDA:27,4,0,0
BRDA:27,4,1,0
BRDA:29,5,0,0
BRDA:29,5,1,0
BRDA:30,6,0,0
BRDA:30,6,1,0
BRDA:30,6,2,0
BRDA:30,6,3,0
BRDA:30,6,4,0
BRDA:39,7,0,0
BRDA:39,7,1,0
BRDA:39,8,0,0
BRDA:39,8,1,0
BRDA:41,9,0,0
BRDA:41,9,1,0
BRDA:41,10,0,0
BRDA:41,10,1,0
BRDA:41,10,2,0
BRDA:46,11,0,0
BRDA:46,11,1,0
BRDA:46,12,0,0
BRDA:46,12,1,0
BRDA:55,13,0,0
BRDA:55,13,1,0
BRDA:56,14,0,0
BRDA:56,14,1,0
BRDA:58,15,0,0
BRDA:58,15,1,0
BRDA:59,16,0,0
BRDA:59,16,1,0
BRDA:61,17,0,0
BRDA:61,17,1,0
BRDA:61,18,0,0
BRDA:61,18,1,0
BRDA:67,19,0,0
BRDA:67,19,1,0
BRDA:67,20,0,0
BRDA:67,20,1,0
BRF:46
BRH:0
end_of_record
TN:
SF:src/shared/utils/textureUtils.ts
FN:6,fitTextureToHex
FNF:1
FNH:0
FNDA:0,fitTextureToHex
DA:3,0
DA:7,0
DA:9,0
DA:10,0
DA:12,0
DA:13,0
DA:15,0
DA:16,0
DA:17,0
DA:18,0
DA:19,0
DA:20,0
DA:21,0
DA:23,0
DA:24,0
DA:25,0
DA:26,0
DA:27,0
DA:28,0
DA:29,0
DA:30,0
DA:35,0
DA:36,0
DA:37,0
DA:40,0
DA:41,0
DA:42,0
DA:45,0
DA:46,0
DA:47,0
DA:48,0
DA:49,0
DA:53,0
DA:54,0
DA:55,0
DA:56,0
DA:57,0
DA:59,0
DA:60,0
DA:61,0
DA:62,0
DA:63,0
DA:65,0
DA:66,0
DA:67,0
DA:68,0
DA:70,0
DA:71,0
LF:48
LH:0
BRDA:7,0,0,0
BRDA:7,0,1,0
BRDA:10,1,0,0
BRDA:10,1,1,0
BRDA:12,2,0,0
BRDA:12,2,1,0
BRDA:13,3,0,0
BRDA:13,3,1,0
BRDA:26,4,0,0
BRDA:26,4,1,0
BRDA:27,5,0,0
BRDA:27,5,1,0
BRDA:28,6,0,0
BRDA:28,6,1,0
BRDA:29,7,0,0
BRDA:29,7,1,0
BRDA:30,8,0,0
BRDA:30,8,1,0
BRDA:35,9,0,0
BRDA:35,9,1,0
BRDA:35,10,0,0
BRDA:35,10,1,0
BRDA:35,10,2,0
BRDA:35,10,3,0
BRDA:40,11,0,0
BRDA:40,11,1,0
BRDA:40,12,0,0
BRDA:40,12,1,0
BRF:28
BRH:0
end_of_record
TN:
SF:src/store/authStore.ts
FN:21,(anonymous_0)
FN:24,(anonymous_1)
FN:25,(anonymous_2)
FNF:3
FNH:0
FNDA:0,(anonymous_0)
FNDA:0,(anonymous_1)
FNDA:0,(anonymous_2)
DA:20,0
DA:22,0
DA:24,0
DA:25,0
LF:4
LH:0
BRF:0
BRH:0
end_of_record
TN:
SF:src/store/gameStore.ts
FN:99,(anonymous_0)
FN:124,(anonymous_1)
FN:125,(anonymous_2)
FN:126,(anonymous_3)
FN:127,(anonymous_4)
FN:128,(anonymous_5)
FN:129,(anonymous_6)
FN:131,(anonymous_7)
FN:134,(anonymous_8)
FN:169,(anonymous_9)
FN:171,(anonymous_10)
FN:173,(anonymous_11)
FN:174,(anonymous_12)
FN:188,(anonymous_13)
FN:190,(anonymous_14)
FN:191,(anonymous_15)
FN:192,(anonymous_16)
FN:193,(anonymous_17)
FN:194,(anonymous_18)
FN:195,(anonymous_19)
FN:196,(anonymous_20)
FN:197,(anonymous_21)
FN:198,(anonymous_22)
FN:200,(anonymous_23)
FNF:24
FNH:0
FNDA:0,(anonymous_0)
FNDA:0,(anonymous_1)
FNDA:0,(anonymous_2)
FNDA:0,(anonymous_3)
FNDA:0,(anonymous_4)
FNDA:0,(anonymous_5)
FNDA:0,(anonymous_6)
FNDA:0,(anonymous_7)
FNDA:0,(anonymous_8)
FNDA:0,(anonymous_9)
FNDA:0,(anonymous_10)
FNDA:0,(anonymous_11)
FNDA:0,(anonymous_12)
FNDA:0,(anonymous_13)
FNDA:0,(anonymous_14)
FNDA:0,(anonymous_15)
FNDA:0,(anonymous_16)
FNDA:0,(anonymous_17)
FNDA:0,(anonymous_18)
FNDA:0,(anonymous_19)
FNDA:0,(anonymous_20)
FNDA:0,(anonymous_21)
FNDA:0,(anonymous_22)
FNDA:0,(anonymous_23)
DA:91,0
DA:99,0
DA:124,0
DA:125,0
DA:126,0
DA:127,0
DA:129,0
DA:132,0
DA:135,0
DA:136,0
DA:138,0
DA:139,0
DA:140,0
DA:141,0
DA:142,0
DA:143,0
DA:147,0
DA:148,0
DA:149,0
DA:150,0
DA:151,0
DA:152,0
DA:154,0
DA:155,0
DA:156,0
DA:160,0
DA:161,0
DA:169,0
DA:171,0
DA:174,0
DA:175,0
DA:176,0
DA:184,0
DA:185,0
DA:188,0
DA:190,0
DA:191,0
DA:192,0
DA:193,0
DA:194,0
DA:195,0
DA:196,0
DA:197,0
DA:198,0
DA:200,0
LF:45
LH:0
BRDA:138,0,0,0
BRDA:138,0,1,0
BRDA:140,1,0,0
BRDA:140,1,1,0
BRDA:150,2,0,0
BRDA:150,2,1,0
BRDA:154,3,0,0
BRDA:154,3,1,0
BRDA:163,4,0,0
BRDA:163,4,1,0
BRDA:165,5,0,0
BRDA:165,5,1,0
BRDA:173,6,0,0
BRDA:173,7,0,0
BRDA:178,8,0,0
BRDA:178,8,1,0
BRF:16
BRH:0
end_of_record
TN:
SF:src/store/interactionStore.ts
FN:37,(anonymous_0)
FN:47,(anonymous_1)
FN:48,(anonymous_2)
FN:49,(anonymous_3)
FN:50,(anonymous_4)
FN:51,(anonymous_5)
FN:52,(anonymous_6)
FN:54,(anonymous_7)
FNF:8
FNH:8
FNDA:1,(anonymous_0)
FNDA:15,(anonymous_1)
FNDA:5,(anonymous_2)
FNDA:4,(anonymous_3)
FNDA:4,(anonymous_4)
FNDA:8,(anonymous_5)
FNDA:2,(anonymous_6)
FNDA:35,(anonymous_7)
DA:37,1
DA:47,15
DA:48,5
DA:49,4
DA:50,4
DA:51,8
DA:52,2
DA:54,35
LF:8
LH:8
BRDA:51,0,0,8
BRF:1
BRH:1
end_of_record
TN:
SF:src/store/toastStore.ts
FN:21,(anonymous_0)
FN:24,(anonymous_1)
FN:27,(anonymous_2)
FN:30,(anonymous_3)
FN:31,(anonymous_4)
FN:31,(anonymous_5)
FN:35,addToast
FNF:7
FNH:0
FNDA:0,(anonymous_0)
FNDA:0,(anonymous_1)
FNDA:0,(anonymous_2)
FNDA:0,(anonymous_3)
FNDA:0,(anonymous_4)
FNDA:0,(anonymous_5)
FNDA:0,addToast
DA:19,0
DA:21,0
DA:25,0
DA:26,0
DA:27,0
DA:31,0
DA:36,0
LF:7
LH:0
BRDA:24,0,0,0
BRDA:26,1,0,0
BRDA:26,1,1,0
BRDA:26,2,0,0
BRDA:26,2,1,0
BRDA:35,3,0,0
BRF:6
BRH:0
end_of_record
TN:
SF:src/store/uiStore.ts
FN:24,(anonymous_0)
FN:34,(anonymous_1)
FN:35,(anonymous_2)
FN:36,(anonymous_3)
FN:37,(anonymous_4)
FN:38,(anonymous_5)
FN:39,(anonymous_6)
FN:39,(anonymous_7)
FN:40,(anonymous_8)
FN:44,(anonymous_9)
FNF:10
FNH:0
FNDA:0,(anonymous_0)
FNDA:0,(anonymous_1)
FNDA:0,(anonymous_2)
FNDA:0,(anonymous_3)
FNDA:0,(anonymous_4)
FNDA:0,(anonymous_5)
FNDA:0,(anonymous_6)
FNDA:0,(anonymous_7)
FNDA:0,(anonymous_8)
FNDA:0,(anonymous_9)
DA:23,0
DA:25,0
DA:34,0
DA:35,0
DA:37,0
DA:38,0
DA:39,0
DA:40,0
DA:44,0
LF:9
LH:0
BRDA:37,0,0,0
BRDA:37,0,1,0
BRF:2
BRH:0
end_of_record
